# JRE version: OpenJDK Runtime Environment (8.0_242-b01) (build 1.8.0_242-release-1644-b01)
# Java VM: OpenJDK 64-Bit Server VM (25.242-b01 mixed mode windows-amd64 compressed oops)
Heap:
 PSYoungGen      total 148480K, used 36295K [0x00000000d5580000, 0x00000000df900000, 0x0000000100000000)
  eden space 129536K, 13% used [0x00000000d5580000,0x00000000d66798b0,0x00000000dd400000)
  from space 18944K, 99% used [0x00000000dd400000,0x00000000de678698,0x00000000de680000)
  to   space 14336K, 0% used [0x00000000deb00000,0x00000000deb00000,0x00000000df900000)
 ParOldGen       total 136704K, used 47231K [0x0000000080000000, 0x0000000088580000, 0x00000000d5580000)
  object space 136704K, 34% used [0x0000000080000000,0x0000000082e1fe08,0x0000000088580000)
 Metaspace       used 65967K, capacity 69236K, committed 69400K, reserved 1110016K
  class space    used 9105K, capacity 9719K, committed 9776K, reserved 1048576K
GC Heap History (10 events):
Event: 25.357 GC heap before
{Heap before GC invocations=16 (full 2):
 PSYoungGen      total 109568K, used 109566K [0x00000000d5580000, 0x00000000de200000, 0x0000000100000000)
  eden space 97792K, 100% used [0x00000000d5580000,0x00000000db500000,0x00000000db500000)
  from space 11776K, 99% used [0x00000000db500000,0x00000000dc07f810,0x00000000dc080000)
  to   space 15872K, 0% used [0x00000000dd280000,0x00000000dd280000,0x00000000de200000)
 ParOldGen       total 84480K, used 20979K [0x0000000080000000, 0x0000000085280000, 0x00000000d5580000)
  object space 84480K, 24% used [0x0000000080000000,0x000000008147cc68,0x0000000085280000)
 Metaspace       used 52643K, capacity 54730K, committed 54952K, reserved 1097728K
  class space    used 7047K, capacity 7478K, committed 7600K, reserved 1048576K
Event: 25.391 GC heap after
Heap after GC invocations=16 (full 2):
 PSYoungGen      total 126976K, used 12003K [0x00000000d5580000, 0x00000000dea80000, 0x0000000100000000)
  eden space 111104K, 0% used [0x00000000d5580000,0x00000000d5580000,0x00000000dc200000)
  from space 15872K, 75% used [0x00000000dd280000,0x00000000dde38ca8,0x00000000de200000)
  to   space 16896K, 0% used [0x00000000dc200000,0x00000000dc200000,0x00000000dd280000)
 ParOldGen       total 84480K, used 30692K [0x0000000080000000, 0x0000000085280000, 0x00000000d5580000)
  object space 84480K, 36% used [0x0000000080000000,0x0000000081df91e0,0x0000000085280000)
 Metaspace       used 52643K, capacity 54730K, committed 54952K, reserved 1097728K
  class space    used 7047K, capacity 7478K, committed 7600K, reserved 1048576K
}
Event: 27.450 GC heap before
{Heap before GC invocations=17 (full 2):
 PSYoungGen      total 126976K, used 75108K [0x00000000d5580000, 0x00000000dea80000, 0x0000000100000000)
  eden space 111104K, 56% used [0x00000000d5580000,0x00000000d9320608,0x00000000dc200000)
  from space 15872K, 75% used [0x00000000dd280000,0x00000000dde38ca8,0x00000000de200000)
  to   space 16896K, 0% used [0x00000000dc200000,0x00000000dc200000,0x00000000dd280000)
 ParOldGen       total 84480K, used 30692K [0x0000000080000000, 0x0000000085280000, 0x00000000d5580000)
  object space 84480K, 36% used [0x0000000080000000,0x0000000081df91e0,0x0000000085280000)
 Metaspace       used 56635K, capacity 58998K, committed 59160K, reserved 1099776K
  class space    used 7740K, capacity 8230K, committed 8240K, reserved 1048576K
Event: 27.481 GC heap after
Heap after GC invocations=17 (full 2):
 PSYoungGen      total 128000K, used 13791K [0x00000000d5580000, 0x00000000dfd00000, 0x0000000100000000)
  eden space 111104K, 0% used [0x00000000d5580000,0x00000000d5580000,0x00000000dc200000)
  from space 16896K, 81% used [0x00000000dc200000,0x00000000dcf77ca0,0x00000000dd280000)
  to   space 18432K, 0% used [0x00000000deb00000,0x00000000deb00000,0x00000000dfd00000)
 ParOldGen       total 84480K, used 30700K [0x0000000080000000, 0x0000000085280000, 0x00000000d5580000)
  object space 84480K, 36% used [0x0000000080000000,0x0000000081dfb1e0,0x0000000085280000)
 Metaspace       used 56635K, capacity 58998K, committed 59160K, reserved 1099776K
  class space    used 7740K, capacity 8230K, committed 8240K, reserved 1048576K
}
Event: 27.481 GC heap before
{Heap before GC invocations=18 (full 3):
 PSYoungGen      total 128000K, used 13791K [0x00000000d5580000, 0x00000000dfd00000, 0x0000000100000000)
  eden space 111104K, 0% used [0x00000000d5580000,0x00000000d5580000,0x00000000dc200000)
  from space 16896K, 81% used [0x00000000dc200000,0x00000000dcf77ca0,0x00000000dd280000)
  to   space 18432K, 0% used [0x00000000deb00000,0x00000000deb00000,0x00000000dfd00000)
 ParOldGen       total 84480K, used 30700K [0x0000000080000000, 0x0000000085280000, 0x00000000d5580000)
  object space 84480K, 36% used [0x0000000080000000,0x0000000081dfb1e0,0x0000000085280000)
 Metaspace       used 56635K, capacity 58998K, committed 59160K, reserved 1099776K
  class space    used 7740K, capacity 8230K, committed 8240K, reserved 1048576K
Event: 27.976 GC heap after
Heap after GC invocations=18 (full 3):
 PSYoungGen      total 128000K, used 0K [0x00000000d5580000, 0x00000000dfd00000, 0x0000000100000000)
  eden space 111104K, 0% used [0x00000000d5580000,0x00000000d5580000,0x00000000dc200000)
  from space 16896K, 0% used [0x00000000dc200000,0x00000000dc200000,0x00000000dd280000)
  to   space 18432K, 0% used [0x00000000deb00000,0x00000000deb00000,0x00000000dfd00000)
 ParOldGen       total 136704K, used 35476K [0x0000000080000000, 0x0000000088580000, 0x00000000d5580000)
  object space 136704K, 25% used [0x0000000080000000,0x00000000822a5060,0x0000000088580000)
 Metaspace       used 56601K, capacity 58884K, committed 59160K, reserved 1099776K
  class space    used 7730K, capacity 8211K, committed 8240K, reserved 1048576K
}
Event: 31.443 GC heap before
{Heap before GC invocations=19 (full 3):
 PSYoungGen      total 128000K, used 111104K [0x00000000d5580000, 0x00000000dfd00000, 0x0000000100000000)
  eden space 111104K, 100% used [0x00000000d5580000,0x00000000dc200000,0x00000000dc200000)
  from space 16896K, 0% used [0x00000000dc200000,0x00000000dc200000,0x00000000dd280000)
  to   space 18432K, 0% used [0x00000000deb00000,0x00000000deb00000,0x00000000dfd00000)
 ParOldGen       total 136704K, used 35476K [0x0000000080000000, 0x0000000088580000, 0x00000000d5580000)
  object space 136704K, 25% used [0x0000000080000000,0x00000000822a5060,0x0000000088580000)
 Metaspace       used 63402K, capacity 66438K, committed 66584K, reserved 1105920K
  class space    used 8832K, capacity 9420K, committed 9520K, reserved 1048576K
Event: 31.461 GC heap after
Heap after GC invocations=19 (full 3):
 PSYoungGen      total 143872K, used 12110K [0x00000000d5580000, 0x00000000df900000, 0x0000000100000000)
  eden space 129536K, 0% used [0x00000000d5580000,0x00000000d5580000,0x00000000dd400000)
  from space 14336K, 84% used [0x00000000deb00000,0x00000000df6d3a10,0x00000000df900000)
  to   space 18944K, 0% used [0x00000000dd400000,0x00000000dd400000,0x00000000de680000)
 ParOldGen       total 136704K, used 35484K [0x0000000080000000, 0x0000000088580000, 0x00000000d5580000)
  object space 136704K, 25% used [0x0000000080000000,0x00000000822a7060,0x0000000088580000)
 Metaspace       used 63402K, capacity 66438K, committed 66584K, reserved 1105920K
  class space    used 8832K, capacity 9420K, committed 9520K, reserved 1048576K
}
Event: 34.161 GC heap before
{Heap before GC invocations=20 (full 3):
 PSYoungGen      total 143872K, used 139470K [0x00000000d5580000, 0x00000000df900000, 0x0000000100000000)
  eden space 129536K, 98% used [0x00000000d5580000,0x00000000dd1dffb8,0x00000000dd400000)
  from space 14336K, 84% used [0x00000000deb00000,0x00000000df6d3a10,0x00000000df900000)
  to   space 18944K, 0% used [0x00000000dd400000,0x00000000dd400000,0x00000000de680000)
 ParOldGen       total 136704K, used 35484K [0x0000000080000000, 0x0000000088580000, 0x00000000d5580000)
  object space 136704K, 25% used [0x0000000080000000,0x00000000822a7060,0x0000000088580000)
 Metaspace       used 65504K, capacity 68672K, committed 68760K, reserved 1107968K
  class space    used 9041K, capacity 9633K, committed 9648K, reserved 1048576K
Event: 34.201 GC heap after
Heap after GC invocations=20 (full 3):
 PSYoungGen      total 148480K, used 18913K [0x00000000d5580000, 0x00000000df900000, 0x0000000100000000)
  eden space 129536K, 0% used [0x00000000d5580000,0x00000000d5580000,0x00000000dd400000)
  from space 18944K, 99% used [0x00000000dd400000,0x00000000de678698,0x00000000de680000)
  to   space 14336K, 0% used [0x00000000deb00000,0x00000000deb00000,0x00000000df900000)
 ParOldGen       total 136704K, used 47231K [0x0000000080000000, 0x0000000088580000, 0x00000000d5580000)
  object space 136704K, 34% used [0x0000000080000000,0x0000000082e1fe08,0x0000000088580000)
 Metaspace       used 65504K, capacity 68672K, committed 68760K, reserved 1107968K
  class space    used 9041K, capacity 9633K, committed 9648K, reserved 1048576K
}

