# JRE version: OpenJDK Runtime Environment (8.0_242-b01) (build 1.8.0_242-release-1644-b01)
# Java VM: OpenJDK 64-Bit Server VM (25.242-b01 mixed mode windows-amd64 compressed oops)
Heap:
 PSYoungGen      total 247296K, used 199556K [0x00000000d5580000, 0x00000000e6380000, 0x0000000100000000)
  eden space 226304K, 79% used [0x00000000d5580000,0x00000000e0638c60,0x00000000e3280000)
  from space 20992K, 88% used [0x00000000e3280000,0x00000000e44a83b0,0x00000000e4700000)
  to   space 20992K, 0% used [0x00000000e4700000,0x00000000e4700000,0x00000000e5b80000)
 ParOldGen       total 75264K, used 33333K [0x0000000080000000, 0x0000000084980000, 0x00000000d5580000)
  object space 75264K, 44% used [0x0000000080000000,0x000000008208d490,0x0000000084980000)
 Metaspace       used 69041K, capacity 72542K, committed 72856K, reserved 1112064K
  class space    used 9400K, capacity 10046K, committed 10160K, reserved 1048576K
GC Heap History (10 events):
Event: 10.095 GC heap before
{Heap before GC invocations=12 (full 2):
 PSYoungGen      total 138240K, used 126976K [0x00000000d5580000, 0x00000000e1680000, 0x0000000100000000)
  eden space 126976K, 100% used [0x00000000d5580000,0x00000000dd180000,0x00000000dd180000)
  from space 11264K, 0% used [0x00000000dd180000,0x00000000dd180000,0x00000000ddc80000)
  to   space 12800K, 0% used [0x00000000e0a00000,0x00000000e0a00000,0x00000000e1680000)
 ParOldGen       total 75264K, used 17295K [0x0000000080000000, 0x0000000084980000, 0x00000000d5580000)
  object space 75264K, 22% used [0x0000000080000000,0x00000000810e3dd8,0x0000000084980000)
 Metaspace       used 40270K, capacity 42104K, committed 42408K, reserved 1085440K
  class space    used 5554K, capacity 5952K, committed 6064K, reserved 1048576K
Event: 10.114 GC heap after
Heap after GC invocations=12 (full 2):
 PSYoungGen      total 183808K, used 11536K [0x00000000d5580000, 0x00000000e1780000, 0x0000000100000000)
  eden space 171008K, 0% used [0x00000000d5580000,0x00000000d5580000,0x00000000dfc80000)
  from space 12800K, 90% used [0x00000000e0a00000,0x00000000e15443b0,0x00000000e1680000)
  to   space 13824K, 0% used [0x00000000dfc80000,0x00000000dfc80000,0x00000000e0a00000)
 ParOldGen       total 75264K, used 17303K [0x0000000080000000, 0x0000000084980000, 0x00000000d5580000)
  object space 75264K, 22% used [0x0000000080000000,0x00000000810e5dd8,0x0000000084980000)
 Metaspace       used 40270K, capacity 42104K, committed 42408K, reserved 1085440K
  class space    used 5554K, capacity 5952K, committed 6064K, reserved 1048576K
}
Event: 12.989 GC heap before
{Heap before GC invocations=13 (full 2):
 PSYoungGen      total 183808K, used 182544K [0x00000000d5580000, 0x00000000e1780000, 0x0000000100000000)
  eden space 171008K, 100% used [0x00000000d5580000,0x00000000dfc80000,0x00000000dfc80000)
  from space 12800K, 90% used [0x00000000e0a00000,0x00000000e15443b0,0x00000000e1680000)
  to   space 13824K, 0% used [0x00000000dfc80000,0x00000000dfc80000,0x00000000e0a00000)
 ParOldGen       total 75264K, used 17303K [0x0000000080000000, 0x0000000084980000, 0x00000000d5580000)
  object space 75264K, 22% used [0x0000000080000000,0x00000000810e5dd8,0x0000000084980000)
 Metaspace       used 55606K, capacity 57934K, committed 58024K, reserved 1099776K
  class space    used 7582K, capacity 8061K, committed 8112K, reserved 1048576K
Event: 13.023 GC heap after
Heap after GC invocations=13 (full 2):
 PSYoungGen      total 184832K, used 13797K [0x00000000d5580000, 0x00000000e5b80000, 0x0000000100000000)
  eden space 171008K, 0% used [0x00000000d5580000,0x00000000d5580000,0x00000000dfc80000)
  from space 13824K, 99% used [0x00000000dfc80000,0x00000000e09f9748,0x00000000e0a00000)
  to   space 20992K, 0% used [0x00000000e4700000,0x00000000e4700000,0x00000000e5b80000)
 ParOldGen       total 75264K, used 31672K [0x0000000080000000, 0x0000000084980000, 0x00000000d5580000)
  object space 75264K, 42% used [0x0000000080000000,0x0000000081eee058,0x0000000084980000)
 Metaspace       used 55606K, capacity 57934K, committed 58024K, reserved 1099776K
  class space    used 7582K, capacity 8061K, committed 8112K, reserved 1048576K
}
Event: 13.349 GC heap before
{Heap before GC invocations=14 (full 2):
 PSYoungGen      total 184832K, used 49833K [0x00000000d5580000, 0x00000000e5b80000, 0x0000000100000000)
  eden space 171008K, 21% used [0x00000000d5580000,0x00000000d78b0da0,0x00000000dfc80000)
  from space 13824K, 99% used [0x00000000dfc80000,0x00000000e09f9748,0x00000000e0a00000)
  to   space 20992K, 0% used [0x00000000e4700000,0x00000000e4700000,0x00000000e5b80000)
 ParOldGen       total 75264K, used 31672K [0x0000000080000000, 0x0000000084980000, 0x00000000d5580000)
  object space 75264K, 42% used [0x0000000080000000,0x0000000081eee058,0x0000000084980000)
 Metaspace       used 56609K, capacity 59018K, committed 59160K, reserved 1099776K
  class space    used 7741K, capacity 8232K, committed 8240K, reserved 1048576K
Event: 13.369 GC heap after
Heap after GC invocations=14 (full 2):
 PSYoungGen      total 247296K, used 3456K [0x00000000d5580000, 0x00000000e6380000, 0x0000000100000000)
  eden space 226304K, 0% used [0x00000000d5580000,0x00000000d5580000,0x00000000e3280000)
  from space 20992K, 16% used [0x00000000e4700000,0x00000000e4a60000,0x00000000e5b80000)
  to   space 20992K, 0% used [0x00000000e3280000,0x00000000e3280000,0x00000000e4700000)
 ParOldGen       total 75264K, used 43123K [0x0000000080000000, 0x0000000084980000, 0x00000000d5580000)
  object space 75264K, 57% used [0x0000000080000000,0x0000000082a1cea8,0x0000000084980000)
 Metaspace       used 56609K, capacity 59018K, committed 59160K, reserved 1099776K
  class space    used 7741K, capacity 8232K, committed 8240K, reserved 1048576K
}
Event: 13.369 GC heap before
{Heap before GC invocations=15 (full 3):
 PSYoungGen      total 247296K, used 3456K [0x00000000d5580000, 0x00000000e6380000, 0x0000000100000000)
  eden space 226304K, 0% used [0x00000000d5580000,0x00000000d5580000,0x00000000e3280000)
  from space 20992K, 16% used [0x00000000e4700000,0x00000000e4a60000,0x00000000e5b80000)
  to   space 20992K, 0% used [0x00000000e3280000,0x00000000e3280000,0x00000000e4700000)
 ParOldGen       total 75264K, used 43123K [0x0000000080000000, 0x0000000084980000, 0x00000000d5580000)
  object space 75264K, 57% used [0x0000000080000000,0x0000000082a1cea8,0x0000000084980000)
 Metaspace       used 56609K, capacity 59018K, committed 59160K, reserved 1099776K
  class space    used 7741K, capacity 8232K, committed 8240K, reserved 1048576K
Event: 13.684 GC heap after
Heap after GC invocations=15 (full 3):
 PSYoungGen      total 247296K, used 0K [0x00000000d5580000, 0x00000000e6380000, 0x0000000100000000)
  eden space 226304K, 0% used [0x00000000d5580000,0x00000000d5580000,0x00000000e3280000)
  from space 20992K, 0% used [0x00000000e4700000,0x00000000e4700000,0x00000000e5b80000)
  to   space 20992K, 0% used [0x00000000e3280000,0x00000000e3280000,0x00000000e4700000)
 ParOldGen       total 75264K, used 33325K [0x0000000080000000, 0x0000000084980000, 0x00000000d5580000)
  object space 75264K, 44% used [0x0000000080000000,0x000000008208b490,0x0000000084980000)
 Metaspace       used 56571K, capacity 58892K, committed 59160K, reserved 1099776K
  class space    used 7729K, capacity 8211K, committed 8240K, reserved 1048576K
}
Event: 17.266 GC heap before
{Heap before GC invocations=16 (full 3):
 PSYoungGen      total 247296K, used 226304K [0x00000000d5580000, 0x00000000e6380000, 0x0000000100000000)
  eden space 226304K, 100% used [0x00000000d5580000,0x00000000e3280000,0x00000000e3280000)
  from space 20992K, 0% used [0x00000000e4700000,0x00000000e4700000,0x00000000e5b80000)
  to   space 20992K, 0% used [0x00000000e3280000,0x00000000e3280000,0x00000000e4700000)
 ParOldGen       total 75264K, used 33325K [0x0000000080000000, 0x0000000084980000, 0x00000000d5580000)
  object space 75264K, 44% used [0x0000000080000000,0x000000008208b490,0x0000000084980000)
 Metaspace       used 65202K, capacity 68540K, committed 68760K, reserved 1107968K
  class space    used 9011K, capacity 9627K, committed 9648K, reserved 1048576K
Event: 17.292 GC heap after
Heap after GC invocations=16 (full 3):
 PSYoungGen      total 247296K, used 18592K [0x00000000d5580000, 0x00000000e6380000, 0x0000000100000000)
  eden space 226304K, 0% used [0x00000000d5580000,0x00000000d5580000,0x00000000e3280000)
  from space 20992K, 88% used [0x00000000e3280000,0x00000000e44a83b0,0x00000000e4700000)
  to   space 20992K, 0% used [0x00000000e4700000,0x00000000e4700000,0x00000000e5b80000)
 ParOldGen       total 75264K, used 33333K [0x0000000080000000, 0x0000000084980000, 0x00000000d5580000)
  object space 75264K, 44% used [0x0000000080000000,0x000000008208d490,0x0000000084980000)
 Metaspace       used 65202K, capacity 68540K, committed 68760K, reserved 1107968K
  class space    used 9011K, capacity 9627K, committed 9648K, reserved 1048576K
}

